<?xml version="1.0" encoding="UTF-8"?>
<!-- Generated by org.testng.reporters.JUnitReportReporter -->
<testsuite hostname="DESKTOP-B2QSJ40" failures="0" tests="2" name="com.in28minutes.selenium.crossbrowser.CrossBrowserBasicsTest" time="2.414" errors="1" timestamp="17 Mar 2022 15:48:25 GMT" skipped="1">
  <testcase classname="com.in28minutes.selenium.crossbrowser.CrossBrowserBasicsTest" name="edgeBrowser" time="2.414">
    <error message="java.lang.IndexOutOfBoundsException: Index 0 out of bounds for length 0" type="io.github.bonigarcia.wdm.WebDriverManagerException">
      <![CDATA[io.github.bonigarcia.wdm.WebDriverManagerException: java.lang.IndexOutOfBoundsException: Index 0 out of bounds for length 0
at io.github.bonigarcia.wdm.WebDriverManager.handleException(WebDriverManager.java:471)
at io.github.bonigarcia.wdm.WebDriverManager.manage(WebDriverManager.java:454)
at io.github.bonigarcia.wdm.WebDriverManager.handleException(WebDriverManager.java:468)
at io.github.bonigarcia.wdm.WebDriverManager.manage(WebDriverManager.java:454)
at io.github.bonigarcia.wdm.WebDriverManager.setup(WebDriverManager.java:215)
at com.in28minutes.selenium.crossbrowser.CrossBrowserBasicsTest.edgeBrowser(CrossBrowserBasicsTest.java:78)
at java.base/jdk.internal.reflect.NativeMethodAccessorImpl.invoke0(Native Method)
at java.base/jdk.internal.reflect.NativeMethodAccessorImpl.invoke(NativeMethodAccessorImpl.java:77)
at java.base/jdk.internal.reflect.DelegatingMethodAccessorImpl.invoke(DelegatingMethodAccessorImpl.java:43)
at java.base/java.lang.reflect.Method.invoke(Method.java:568)
at org.testng.internal.MethodInvocationHelper.invokeMethod(MethodInvocationHelper.java:124)
at org.testng.internal.Invoker.invokeMethod(Invoker.java:583)
at org.testng.internal.Invoker.invokeTestMethod(Invoker.java:719)
at org.testng.internal.Invoker.invokeTestMethods(Invoker.java:989)
at org.testng.internal.TestMethodWorker.invokeTestMethods(TestMethodWorker.java:125)
at org.testng.internal.TestMethodWorker.run(TestMethodWorker.java:109)
at org.testng.TestRunner.privateRun(TestRunner.java:648)
at org.testng.TestRunner.run(TestRunner.java:505)
at org.testng.SuiteRunner.runTest(SuiteRunner.java:455)
at org.testng.SuiteRunner.runSequentially(SuiteRunner.java:450)
at org.testng.SuiteRunner.privateRun(SuiteRunner.java:415)
at org.testng.SuiteRunner.run(SuiteRunner.java:364)
at org.testng.SuiteRunnerWorker.runSuite(SuiteRunnerWorker.java:52)
at org.testng.SuiteRunnerWorker.run(SuiteRunnerWorker.java:84)
at org.testng.TestNG.runSuitesSequentially(TestNG.java:1208)
at org.testng.TestNG.runSuitesLocally(TestNG.java:1137)
at org.testng.TestNG.runSuites(TestNG.java:1049)
at org.testng.TestNG.run(TestNG.java:1017)
at org.testng.remote.AbstractRemoteTestNG.run(AbstractRemoteTestNG.java:115)
at org.testng.remote.RemoteTestNG.initAndRun(RemoteTestNG.java:251)
at org.testng.remote.RemoteTestNG.main(RemoteTestNG.java:77)
Caused by: java.lang.IndexOutOfBoundsException: Index 0 out of bounds for length 0
at java.base/jdk.internal.util.Preconditions.outOfBounds(Preconditions.java:64)
at java.base/jdk.internal.util.Preconditions.outOfBoundsCheckIndex(Preconditions.java:70)
at java.base/jdk.internal.util.Preconditions.checkIndex(Preconditions.java:266)
at java.base/java.util.Objects.checkIndex(Objects.java:359)
at java.base/java.util.ArrayList.remove(ArrayList.java:504)
at io.github.bonigarcia.wdm.EdgeDriverManager.getDrivers(EdgeDriverManager.java:78)
at io.github.bonigarcia.wdm.WebDriverManager.filterCandidateUrls(WebDriverManager.java:487)
at io.github.bonigarcia.wdm.WebDriverManager.manage(WebDriverManager.java:439)
... 29 more
]]>
    </error>
  </testcase> <!-- edgeBrowser -->
  <testcase classname="com.in28minutes.selenium.crossbrowser.CrossBrowserBasicsTest" name="ieBrowser">
    <skipped/>
  </testcase> <!-- ieBrowser -->
</testsuite> <!-- com.in28minutes.selenium.crossbrowser.CrossBrowserBasicsTest -->
